[    0.000000] Initializing cgroup subsys cpuset
[    0.000000] Initializing cgroup subsys cpu
[    0.000000] Initializing cgroup subsys cpuacct
[    0.000000] Linux version 4.4.0-170-generic (buildd@lcy01-amd64-019) (gcc version 5.4.0 20160609 (Ubuntu 5.4.0-6ubuntu1~16.04.12) ) #199-Ubuntu SMP Thu Nov 14 01:45:04 UTC 2019 (Ubuntu 4.4.0-170.199-generic 4.4.200)
[    0.000000] Command line: BOOT_IMAGE=/boot/vmlinuz-4.4.0-170-generic root=LABEL=cloudimg-rootfs ro console=tty1 console=ttyS0
[    0.000000] KERNEL supported cpus:
[    0.000000]   Intel GenuineIntel
[    0.000000]   AMD AuthenticAMD
[    0.000000]   Centaur CentaurHauls
[    0.000000] x86/fpu: xstate_offset[2]:  576, xstate_sizes[2]:  256
[    0.000000] x86/fpu: Supporting XSAVE feature 0x01: 'x87 floating point registers'
[    0.000000] x86/fpu: Supporting XSAVE feature 0x02: 'SSE registers'
[    0.000000] x86/fpu: Supporting XSAVE feature 0x04: 'AVX registers'
[    0.000000] x86/fpu: Enabled xstate features 0x7, context size is 832 bytes, using 'standard' format.
[    0.000000] e820: BIOS-provided physical RAM map:
[    0.000000] BIOS-e820: [mem 0x0000000000000000-0x000000000009fbff] usable
[    0.000000] BIOS-e820: [mem 0x000000000009fc00-0x000000000009ffff] reserved
[    0.000000] BIOS-e820: [mem 0x00000000000f0000-0x00000000000fffff] reserved
[    0.000000] BIOS-e820: [mem 0x0000000000100000-0x000000003ffeffff] usable
[    0.000000] BIOS-e820: [mem 0x000000003fff0000-0x000000003fffffff] ACPI data
[    0.000000] BIOS-e820: [mem 0x00000000fec00000-0x00000000fec00fff] reserved
[    0.000000] BIOS-e820: [mem 0x00000000fee00000-0x00000000fee00fff] reserved
[    0.000000] BIOS-e820: [mem 0x00000000fffc0000-0x00000000ffffffff] reserved
[    0.000000] NX (Execute Disable) protection: active
[    0.000000] SMBIOS 2.5 present.
[    0.000000] Hypervisor detected: KVM
[    0.000000] e820: last_pfn = 0x3fff0 max_arch_pfn = 0x400000000
[    0.000000] MTRR: Disabled
[    0.000000] x86/PAT: MTRRs disabled, skipping PAT initialization too.
[    0.000000] CPU MTRRs all blank - virtualized system.
[    0.000000] x86/PAT: Configuration [0-7]: WB  WT  UC- UC  WB  WT  UC- UC  
[    0.000000] found SMP MP-table at [mem 0x0009fff0-0x0009ffff] mapped at [ffff88000009fff0]
[    0.000000] Scanning 1 areas for low memory corruption
[    0.000000] RAMDISK: [mem 0x362f4000-0x37171fff]
[    0.000000] ACPI: Early table checksum verification disabled
[    0.000000] ACPI: RSDP 0x00000000000E0000 000024 (v02 VBOX  )
[    0.000000] ACPI: XSDT 0x000000003FFF0030 00003C (v01 VBOX   VBOXXSDT 00000001 ASL  00000061)
[    0.000000] ACPI: FACP 0x000000003FFF00F0 0000F4 (v04 VBOX   VBOXFACP 00000001 ASL  00000061)
[    0.000000] ACPI: DSDT 0x000000003FFF0470 0021FF (v02 VBOX   VBOXBIOS 00000002 INTL 20100528)
[    0.000000] ACPI: FACS 0x000000003FFF0200 000040
[    0.000000] ACPI: FACS 0x000000003FFF0200 000040
[    0.000000] ACPI: APIC 0x000000003FFF0240 00005C (v02 VBOX   VBOXAPIC 00000001 ASL  00000061)
[    0.000000] ACPI: SSDT 0x000000003FFF02A0 0001CC (v01 VBOX   VBOXCPUT 00000002 INTL 20100528)
[    0.000000] No NUMA configuration found
[    0.000000] Faking a node at [mem 0x0000000000000000-0x000000003ffeffff]
[    0.000000] NODE_DATA(0) allocated [mem 0x3ffeb000-0x3ffeffff]
[    0.000000] kvm-clock: Using msrs 4b564d01 and 4b564d00
[    0.000000] kvm-clock: cpu 0, msr 0:3ffe3001, primary cpu clock
[    0.000000] kvm-clock: using sched offset of 6967138850 cycles
[    0.000000] clocksource: kvm-clock: mask: 0xffffffffffffffff max_cycles: 0x1cd42e4dffb, max_idle_ns: 881590591483 ns
[    0.000000] Zone ranges:
[    0.000000]   DMA      [mem 0x0000000000001000-0x0000000000ffffff]
[    0.000000]   DMA32    [mem 0x0000000001000000-0x000000003ffeffff]
[    0.000000]   Normal   empty
[    0.000000]   Device   empty
[    0.000000] Movable zone start for each node
[    0.000000] Early memory node ranges
[    0.000000]   node   0: [mem 0x0000000000000-0x000000000009efff]
[    0.000000]   node   0: [mem 0x0000000000100000-0x000000003ffeffff]
[    0.000000] Initmem setup node 0 [mem 0x0000000000001000-00x000000003ffeffff]
[    0.000000] ACPI: PM-Timer IO Port: 0x4008
[    0.000000] IOAPIC[0]: apic_id 2, version 32, address 0xfec00000, GSI 0-23
[    0.000000] ACPI: INT_SRC_OVR (bus 0 bus_irq 0 global_irq 2 dfl dfl)
[    0.000000] ACPI: INT_SRC_OVR (bus 0 bus_irq 9 global_irq 9 low level)
[    0.000000] Using ACPI (MADT) for SMP configuration information
[    0.000000] smpboot: Allowing 2 CPUs, 0 hotplug CPUs
[    0.000000] PM: Registered nosave memory: [mem 0x00000000-0x00000fff]
[    0.000000] PM: Registered nosave memory: [mem 0x0009f000-0x0009ffff]
[    0.000000] PM: Registered nosave memory: [mem 0x000a0000-0x000effff]
[    0.000000] PM: Registered nosave memory: [mem 0x000f0000-0x000fffff]
[    0.000000] e820: [mem 0x40000000-0xfebfffff] available for PCI devices
[    0.000000] Booting paravirtualized kernel on KVM
[    0.000000] clocksource: refined-jiffies: mask: 0xffffffff max_cycles: 0xffffffff, max_idle_ns: 7645519600211568 ns
[    0.000000] setup_percpu: NR_CPUS:512 nr_cpumask_bits:512 nr_cpu_ids:2 nr_node_ids:1
[    0.000000] PERCPU: Embedded 33 pages/cpu @ffff88003fc00000 s95448 r8192 d31528 u1048576
[    0.000000] Built 1 zonelists in Node order, mobility grouping on.  Total pages: 257912
[    0.000000] Policy zone: DMA32
[    0.000000] Kernel command line: BOOT_IMAGE=/boot/vmlinuz-4.4.0-170-generic root=LABEL=cloudimg-rootfs ro console=tty1 console=ttyS0
[    0.000000] PID hash tabe entries: 4096 (order: 3, 32768 bytes)
[    0.000000] Memory: 997716K/1048120K available (8626K kernel code, 1336K rwdata, 4036K rodata, 1488K init, 1288K bss, 50404K reserved, 0K cma-reserved)
[    0.000000] SLUB: HWalign=64, Order=0-3, MinObjects=0, CPUs=2, Nodes=1
[    0.000000] Kernel/User page tables isolation: enabled
[    0.000000] Hierarchical RCU implementation.
[    0.000000] 	Build-time adjustment of leaf fanot to 64.
[    0.000000] 	RCU restricting CPUs from NR_CPUS=512 to nr_cpu_ids=2.
[    0.000000] RCU: Adjusting geometry for rcu_fanout_leaf=64, nr_cpu_ids=2
[    0.000000] NR_IRQS:33024 nr_irqs:440 16
[    0.000000] Console: colour VGA+ 80x25
[    0.000000] console [tty1] enabled
[    0.000000] console [ttyS0] enabled
[    0.000000] tsc: Detected 2712.002 MHz processor
[    0.410639] Calibrating delay loop (skipped) preset value.. 5424.00 BogoMIPS (lpj=10848008)
[    0.412524] pid_max: default: 32768 minimum: 301
[    0.413563] ACPI: Core revision 20150930
[    0.416101] ACPI: 2 ACPI AML tables successfully acquired and loaded
[    0.417795] Security Framework initialized
[    0.418725] Yama: becoming mindful.
[    0.419595] AppArmor: AppArmor initialized
[    0.420678] Dentry cache hash table entries: 131072 (order: 8, 1048576 bytes)
[   0.427829] Inode-cache hash table entries: 65536 (order: 7, 524288 bytes)
[    0.461962] Mount-cache hash table entries: 2048 (order: 2, 16384 bytes)
[    0.463891] Mountpoint-cache hash table entries: 2048 (order: 2, 16384 bytes)
[    0.475302] Initializing cgroup subsys io
[    0.476369] Initializing cgroup subsys memory
[    0.477425] Initializing cgroup subsys devices
[    0.478481] Initializing cgroup subsys freezer
[    0.479601] Initializing cgroup subsys net_cls
[    0.480739] Initializing cgroup subsys perf_event
[    0.481888] Initializing cgroup subsys net_prio
[    0.482965] Initializing cgroup subsys hugetlb
[    0.483950] Initializing cgroup subsys pids
[    0.486451] mce: CPU supports 0 MCE banks
[    0.487531] Last level iTLB entries: 4KB 64, 2MB 8, 4MB 8
[    0.488687] Last level dTLB entries: 4KB 64, 2MB 0, 4MB 0, 1GB 4
[    0.489959] Spectre V1 : Mitigation: usercopy/swapgs barriers and __user pointer sanitization
[    0.492085] Spectre V2 : Mitigation: Full generic retpoline
[    0.493659] Spectre V2 : Spectre v2 / SpectreRSB mitigation: Filling RSB on context switch
[    0.495963] Speculative Store Bypass: Vulnerable
[    0.497216] MDS: Vulnerable: Clear CPU buffers attempted, no microcode
[    0.504296] Freeing SMP alternatives memory: 36K
[    0.515379] ftrace: allocating 32302 entries in 127 pages
[    0.629197] smpboot: APIC(0) Converting physical 0 to logical package 0
[    0.652108] smpboot: Max logical packages: 1
[    0.653370] x2apic enabled
[    0.654403] Switched APIC routing to physical x2apic.
[    0.658719] ..TIMER: vector=0x30 apic1=0 pin1=2 apic2=-1 pin2=-1
[    0.782087] smpboot: CPU0: Intel(R) Core(TM) i5-7200U CPU @ 2.50GHz (family: 0x6, model: 0x8e, stepping: 0x9)
[    0.785060] Performance Events: unsupported p6 CPU model 142 no PMU driver, software events only.
[    0.815334] KVM setup paravirtual spinlock
[    0.817717] x86: Booting SMP configuration:
[    0.819361] .... node  #0, CPUs:      #1
[    0.820608] kvm-clock: cpu 1, msr 0:3ffe3041, secondary cpu clock
[    0.825220] mce: CPU supports 0 MCE banks
[    0.828331] x86: Booted up 1 node, 2 CPUs
[    0.830759] smpboot: Total of 2 processors activated (10848.00 BogoMIPS)
[    0.832890] devtmpfs: initialized
[    0.838271] evm: security.selinux
[    0.839984] evm: security.SMACK64
[    0.841731] evm: security.SMACK64EXEC
[    0.843056] evm: security.SMACK64TRANSMUTE
[    0.844146] evm: security.SMACK64MMAP
[    0.845057] evm: security.ima
[    0.846106] evm: security.capability
[    0.854343] clocksource: jiffies: mask: 0xffffffff max_cycles: 0xffffffff, max_idle_ns: 7645041785100000 ns
[    0.858302] futex hash table entries: 512 (order: 3, 32768 bytes)
[    0.860918] pinctrl core: initialized pinctrl subsystem
[    0.863249] RTC time: 14:43:42, date: 01/16/20
[    0.865309] NET: Registered protocol family 16
[    0.879549] cpuidle: using governor ladder
[    0.891262] cpuidle: using governor menu
[    0.892850] PCCT header not found.
[    0.894415] ACPI: bus type PCI registered
[    0.896014] acpiphp: ACPI Hot Plug PCI Controller Driver version: 0.5
[    0.898719] PCI: Using configuration type 1 for base access
[    0.916480] ACPI: Added _OSI(Module Device)
[    0.918384] ACPI: Added _OSI(Processor Device)
[    0.920348] ACPI: Added _OSI(3.0 _SCP Extensions)
[    0.922175] ACPI: Added _OSI(Processor Aggregator Device)
[    0.925827] ACPI: Executed 1 blocks of module-level executable AML code
[    0.931403] ACPI: Interpreter enabled
[    0.933126] ACPI: (supports S0 S5)
[    0.934550] ACPI: Using IOAPIC for interrupt routing
[    0.936880] PCI: Using host bridge windows from ACPI; if necessary, use "pci=nocrs" and report a bug
[    0.947764] ACPI: PCI Root Bridge [PCI0] (domain 0000 [bus 00-ff])
[    0.950253] acpi PNP0A03:00: _OSC: OS supports [ASPM ClockPM Segments MSI]
[    0.952942] acpi PNP0A03:00: _OSC: not requesting OS control; OS requires [ExtendedConfig ASPM ClockPM MSI]
[    0.956821] acpi PNP0A03:00: fail to add MMCONFIG information, can't access extended PCI configuration space under this bridge.
[    0.961244] PCI host bridge to bus 0000:00
[    0.963000] pci_bus 0000:00: root bus resource [io  0x0000-0x0cf7 window]
[    0.965680] pci_bus 0000:00: root bus resource [io  0x0d00-0xffff window]
[    0.968003] pci_bus 0000:00: root bus resource [mem 0x000a0000-0x000bffff window]
[    0.971682] pci_bus 0000:00: root bus resource [mem 0x40000000-0xfdffffff window]
[    0.974354] pci_bus 0000:00: root bus resource [bus 00-ff]
[    0.980128] pci 0000:00:01.1: legacy IDE quirk: reg 0x10: [io  0x01f0-0x01f7]
[    0.982883] pci 0000:00:01.1: legacy IDE quirk: reg 0x14: [io  0x03f6]
[    0.985129] pci 0000:00:01.1: legacy IDE quirk: reg 0x18: [io  0x0170-0x0177]
[    0.989072] pci 0000:00:01.1: legacy IDE quirk: reg 0x1c: [io  0x0376]
[    1.071023] pci 0000:00:07.0: quirk: [io  0x4000-0x403f] claimed by PIIX4 ACPI
[    1.075406] pci 0000:00:07.0: quirk: [io  0x4100-0x410f] claimed by PIIX4 SMB
[    1.092280] ACPI: PCI Interrupt Link [LNKA] (IRQs 5 9 10 *11)
[    1.097375] ACPI: PCI Interrupt Link [LNKB] (IRQs 5 9 *10 11)
[    1.102552] ACPI: PCI Interrupt Link [LNKC] (IRQs 5 *9 10 11)
[    1.104839] ACPI: PCI Interrupt Link [LNKD] (IRQs 5 9 10 *11)
[    1.106585] ACPI: Enabled 2 GPEs in block 00 to 07
[    1.109025] vgaarb: setting as boot device: PCI:0000:00:02.0
[    1.112899] vgaarb: device added: PCI:0000:00:02.0,decodes=io+mem,owns=io+mem,locks=none
[    1.117869] vgaarb: loaded
[    1.119381] vgaarb: bridge control possible 0000:00:02.0
[    1.122355] SCSI subsystem initialized
[    1.125398] ACPI: bus type USB registered
[    1.127522] usbcore: registered new interface driver usbfs
[    1.129723] usbcore: registered new interface driver hub
[    1.131388] usbcore: registered new device driver usb
[    1.133407] PCI: Using ACPI for IRQ routing
[    1.135273] NetLabel: Initializing
[    1.136564] NetLabel:  domain hash size = 128
[    1.138111] NetLabel:  protocols = UNLABELED CIPSOv4
[    1.143217] NetLabel:  unlabeled traffic allowed by default
[    1.145578] amd_nb: Cannot enumerate AMD northbridges
[    1.154119] clocksource: Switched to clocksource kvm-clock
[    1.178850] AppArmor: AppArmor Filesystem Enabled
[    1.180969] pnp: PnP ACPI init
[    1.183599] pnp: PnP ACPI: found 3 devices
[    1.200922] clocksource: acpi_pm: mask: 0xffffffax_cycles: 0xffffff, max_idle_ns: 2085701024 ns
[    1.305200] NET: Registered protocol family 2

[    1.306868] TCP established hash table entries: 8192 (order: 4, 65536 bytes)
[    1.308999] TCP bind hash table entries: 8192 (order: 5, 131072 bytes)
[    1.311277] TCP: Hash tables configured (established 8192 bind 8192)
[    1.312853] UDP hash table entries: 512 (order: 2, 16384 bytes)
[    1.314632] UDP-Lite hash table entries: 512 (order: 2, 16384 bytes)
[    1.316444] NET: Registered protocol family 1
[    1.318103] pci 0000:00:00.0: Limiting direct PCI/PCI transfers
[    1.319658] pci 0000:00:01.0: Activating ISA DMA hang workarounds
[    1.321362] Unpacking initramfs...
[    1.907655] Freeing initrd memory: 14840K
[    1.909003] clocksource: tsc: mask: 0xffffffffffffffff max_cycles: 0x2717880cafa, max_idle_ns: 440795252614 ns
[    1.913105] platform rtc_cmos: registered platform RTC device (no PNP device found)
[    1.915629] Scanning for low memory corruption every 60 seconds
[    1.918446] audit: initializing netlink subsys (disabled)
[    1.919912] audit: type=2000 audit(1579185832.149:1): initialized
[    1.923185] Initialise system trusted keyring
[    1.925947] HugeTLB registered 2 MB page size, pre-allocated 0 pages
[    1.929395] zbud: loaded
[    1.930801] VFS: Disk quotas dquot_6.6.0
[    1.931736] VFS: Dquot-cache hash table entries: 512 (order 0, 4096 bytes)
[    1.935263] squashfs: version 4.0 (2009/01/31) Phillip Lougher
[    1.938551] fuse init (API version 7.23)
[    1.940872] Key type big_key registered
[    1.942768] Allocating IMA MOK and blacklist keyrings.
[    1.946895] Key type asymmetric registered
[    1.949119] Asymmetric key parser 'x509' registered
[    1.951680] Block layer SCSI generic (bsg) driver version 0.4 loaded (major 249)
[    1.955351] io scheduler noop registered
[    1.957836] io scheduler deadline registered (default)
[    1.959783] io scheduler cfq registered
[    1.961510] pci_hotplug: PCI Hot Plug PCI Core version: 0.5
[    1.963134] pciehp: PCI Express Hot Plug Controller Driver version: 0.4
[    1.966490] ACPI: AC Adapter [AC] (off-line)
[    1.968553] input: Power Button as /devices/LNXSYSTM:00/LNXPWRBN:00/input/input0
[    1.970457] ACPI: Power Button [PWRF]
[    1.971519] input: Sleep Button as /devices/LNXSYSTM:00/LNXSLPBN:00/input/input1
[    1.973872] ACPI: Sleep Button [SLPF]
[    1.976637] ACPI: Battery Slot [BAT0] (battery present)
[    1.977812] GHES: HEST is not enabled!
[    1.979188] Serial: 8250/16550 driver, 32 ports, IRQ sharing enabled
[    2.007869] 00:02: ttyS0 at I/O 0x3f8 (irq = 4, base_baud = 115200) is a 16550A
[    2.012725] Linux agpgart interface v0.103
[    2.016713] loop: module loaded
[    2.019099] scsi host0: ata_piix
[    2.020792] scsi host1: ata_piix
[    2.022422] ata1: PATA max UDMA/33 cmd 0x1f0 ctl 0x3f6 bmdma 0xd000 irq 14
[    2.025101] ata2: PATA max UDMA/33 cmd 0x170 ctl 0x376 bmdma 0xd008 irq 15
[    2.028789] libphy: Fixed MDIO Bus: probed
[    2.030619] tun: Universal TUN/TAP device driver, 1.6
[    2.031916] tun: (C) 1999-2004 Max Krasnyansky <maxk@qualcomm.com>
[    2.033699] PPP generic driver version 2.4.2
[    2.035753] ehci_hcd: USB 2.0 'Enhanced' Host Controller (EHCI) Driver
[    2.038210] ehci-pci: EHCI PCI platform driver
[    2.039975] ehci-platform: EHCI generic platform driver
[    2.041806] ohci_hcd: USB 1.1 'Open' Host Controller (OHCI) Driver
[    2.044176] ohci-pci: OHCI PCI platform driver
[    2.046023] ohci-platform: OHCI generic platform driver
[    2.048099] uhci_hcd: USB Universal Host Controller Interface driver
[    2.050771] i8042: PNP: PS/2 Controller [PNP0303:PS2K,PNP0f03:PS2M] at 0x60,0x64 irq 1,12
[    2.054114] serio: i8042 KBD port at 0x60,0x64 irq 1
[    2.056285] serio: i8042 AUX port at 0x60,0x64 irq 12
[    2.058566] mousedev: PS/2 mouse device common for all mice
[    2.061623] input: AT Translated Set 2 keyboard as /devices/platform/i8042/serio0/input/input2
[    2.065362] rtc_cmos rtc_cmos: rtc core: registered rtc_cmos as rtc0
[    2.067755] rtc_cmos rtc_cmos: alarms up to one day, 114 bytes nvram
[    2.070258] i2c /dev entries driver
[    2.071902] device-mapper: uevent: version 1.0.3
[    2.073865] device-mapper: ioctl: 4.34.0-ioctl (2015-10-28) initialised: dm-devel@redhat.com
[    2.077386] ledtrig-cpu: registered to indicate activity on CPUs
[    2.080387] NET: Registered protocol family 10
[    2.082671] NET: Registered protocol family 17
[    2.084501] Key type dns_resolver registered
[    2.086687] registered taskstats version 1
[    2.088288] Loading compiled-in X.509 certificates
[    2.090761] Loaded X.509 cert 'Build time autogenerated kernel key: f0e56e97f406068ace47a9bf54316e9855aaaa43'
[    2.094768] zswap: loaded using pool lzo/zbud
[    2.103278] Key type trusted registered
[    2.111895] Key type encrypted registered
[    2.113783] AppArmor: AppArmor sha1 policy hashing enabled
[    2.115476] ima: No TPM chip found, activating TPM-bypass!
[    2.118919] ima: Allocated hash algorithm: sha1
[    2.119971] evm: HMAC attrs: 0x1
[    2.121624]   Magic number: 4:340:738
[    2.124077] rtc_cmos rtc_cmos: setting system clock to 2020-01-16 14:43:44 UTC (1579185824)
[    2.126780] BIOS EDD facility v0.16 2004-Jun-25, 0 devices found
[    2.128593] EDD information not available.
[    2.184419] Freeing unused kernel memory: 1488K
[    2.187313] Write protecting the kernel read-only data: 14336k
[    2.190257] Freeing unused kernel memory: 1604K
[    2.192143] Freeing unused kernel memory: 60K
Loading, please wait...
starting version 229
[    2.224713] random: systemd-udevd: uninitialized urandom read (16 bytes read, 3 bits of entropy available)
[    2.225913] random: udevadm: uninitialized urandom read (16 bytes read, 3 bits of entropy available)
[    2.225949] random: udevadm: uninitialized urandom read (16 bytes read, 3 bits of entropy available)
[    2.240177] random: systemd-udevd: uninitialized urandom read (16 bytes read, 3 bits of entropy available)
[    2.244471] random: systemd-udevd: uninitialized urandom read (16 bytes read, 3 bits of entropy available)
[    2.247198] random: udevadm: uninitialized urandom read (16 bytes read, 3 bits of entropy available)
[    2.247279] random: udevadm: uninitialized urandom read (16 bytes read, 3 bits of entropy available)
[    2.247592] random: udevadm: uninitialized urandom read (16 bytes read, 3 bits of entropy available)
[    2.247733] random: udevadm: uninitialized urandom read (16 bytes read, 3 bits of entropy available)
[    2.247957] random: udevadm: uninitialized urandom read (16 bytes read, 3 bits of entropy available)
[    2.354540] Fusion MPT base driver 3.04.20
[    2.357393] Copyright (c) 1999-2008 LSI Corporation
[    2.392828] e1000: Intel(R) PRO/1000 Network Driver - version 7.3.21-k8-NAPI
[    2.396964] e1000: Copyright (c) 1999-2006 Intel Corporation.
[    2.414239] Fusion MPT SPI Host driver 3.04.20
[    2.466076] AVX2 version of gcm_enc/dec engaged.
[    2.467816] AES CTR mode by8 optimization enabled
[    2.605058] input: ImExPS/2 Generic Explorer Mouse as /devices/platform/i8042/serio1/input/input4
[    2.870768] e1000 0000:00:03.0 eth0: (PCI:33MHz:32-bit) 02:4f:25:6a:cc:77
[    2.872390] e1000 0000:00:03.0 eth0: Intel(R) PRO/1000 Network Connection
[    2.875569] mptbase: ioc0: Initiating bringup
[    2.899326] e1000 0000:00:03.0 enp0s3: renamed from eth0
[    2.962637] ioc0: LSI53C1030 A0: Capabilities={Initiator}
[    3.123979] scsi host2: ioc0: LSI53C1030 A0, FwRev=00000000h, Ports=1, MaxQ=256, IRQ=20
[    3.239230] scsi 2:0:0:0: Direct-Access     VBOX     HARDDISK         1.0  PQ: 0 ANSI: 5
[    3.241439] scsi target2:0:0: Beginning Domain Validation
[    3.243836] scsi target2:0:0: Domain Validation skipping write tests
[    3.245577] scsi target2:0:0: Ending Domain Validation
[    3.247114] scsi target2:0:0: asynchronous
[    3.268680] scsi 2:0:1:0: Direct-Access     VBOX     HARDDISK         1.0  PQ: 0 ANSI: 5
[    3.271335] scsi target2:0:1: Beginning Domain Validation
[    3.273896] scsi target2:0:1: Domain Validation skipping write tests
[    3.275416] scsi target2:0:1: Ending Domain Validation
[    3.277187] scsi target2:0:1: asynchronous
[    3.302884] sd 2:0:0:0: [sda] 20971520 512-byte logical blocks: (10.7 GB/10.0 GiB)
[    3.311681] sd 2:0:0:0: Attached scsi generic sg0 type 0
[    3.313459] sd 2:0:1:0: [sdb] 20480 512-byte logical blocks: (10.5 MB/10.0 MiB)
[    3.315182] sd 2:0:0:0: [sda] Write Protect is off
[    3.323487] sd 2:0:0:0: [sda] Incomplete mode parameter data
[    3.323536] sd 2:0:1:0: Attached scsi generic sg1 type 0
[    3.323655] sd 2:0:1:0: [sdb] Write Protect is off
[    3.323747] sd 2:0:1:0: [sdb] Incomplete mode parameter data
[    3.323749] sd 2:0:1:0: [sdb] Assuming drive cache: write through
[    3.330362] sd 2:0:1:0: [sdb] Attached SCSI disk
[    3.350380] sd 2:0:0:0: [sda] Assuming drive cache: write through
[    3.353929]  sda: sda1
[    3.364307] sd 2:0:0:0: [sda] Attached SCSI disk
Begin: Loading essential drivers ... [    5.162901] md: linear personality registered for level -1
[    5.168526] md: multipath personality registered for level -4
[    5.175799] md: raid0 personality registered for level 0
[    5.185748] md: raid1 personality registered for level 1
[    5.262667] raid6: sse2x1   gen()  5744 MB/s
[    5.330183] raid6: sse2x1   xor()  2636 MB/s
[    5.398502] raid6: sse2x2   gen()  6527 MB/s
[    5.466524] raid6: sse2x2   xor()  5632 MB/s
[    5.534245] raid6: sse2x4   gen()  9273 MB/s
[    5.602501] raid6: sse2x4   xor()  6295 MB/s
[    5.670444] raid6: avx2x1   gen() 11701 MB/s
[    5.738535] raid6: avx2x2   gen() 13680 MB/s
[    5.806520] raid6: avx2x4   gen()  9291 MB/s
[    5.808657] raid6: using algorithm avx2x2 gen() 13680 MB/s
[    5.810921] raid6: using avx2x2 recovery algorithm
[    5.816255] xor: automatically using best checksumming function:
[    5.858483]    avx       : 10848.000 MB/sec
[    5.863716] async_tx: api initialized (async)
[    5.908225] md: raid6 personality registered for level 6
[    5.910701] md: raid5 personality registered for level 5
[    5.913023] md: raid4 personality registered for level 4
[    5.933634] md: raid10 personality registered for level 10
done.
Begin: Running /scripts/init-premount ... done.
Begin: Mounting root file system ... Begin: Running /scripts/local-top ... done.
Begin: Running /scripts/local-premount ... [    5.978787] Btrfs loaded
Scanning for Btrfs filesystems
done.
Warning: fsck not present, so skipping root file system
[    6.014948] EXT4-fs (sda1): mounted filesystem with ordered data mode. Opts: (null)
done.
Begin: Running /scripts/local-bottom ... done.
Begin: Running /scripts/init-bottom ... done.
[    6.152465] systemd[1]: systemd 229 running in system mode. (+PAM +AUDIT +SELINUX +IMA +APPARMOR +SMACK +SYSVINIT +UTMP +LIBCRYPTSETUP +GCRYPT +GNUTLS +ACL +XZ -LZ4 +SECCOMP +BLKID +ELFUTILS +KMOD -IDN)
[    6.158104] systemd[1]: Detected virtualization oracle.
[    6.171482] systemd[1]: Detected architecture x86-64.

Welcome to [1mUbuntu 16.04.6 LTS[0m!

[    6.195838] systemd[1]: Set hostname to <ubuntu>.
[    6.200252] systemd[1]: Initializing machine ID from random generator.
[    6.214729] systemd[1]: Installed transient /etc/machine-id file.
[    6.406077] systemd[1]: Started Forward Password Requests to Wall Directory Watch.
[[0;32m  OK  [0m] Started Forward Password Requests to Wall Directory Watch.
[    6.413910] systemd[1]: Created slice System Slice.
[[0;32m  OK  [0m] Created slice System Slice.
[    6.423490] systemd[1]: Reached target Encrypted Volumes.
[[0;32m  OK  [0m] Reached target Encrypted Volumes.
[    6.428984] systemd[1]: Listening on Syslog Socket.
[[0;32m  OK  [0m] Listening on Syslog Socket.
[    6.433915] systemd[1]: Listening on udev Kernel Socket.
[[0;32m  OK  [0m] Listening on udev Kernel Socket.
[    6.438691] systemd[1]: Reached target System Time Synchronized.
[[0;32m  OK  [0m] Reached target System Time Synchronized.
[    6.441646] systemd[1]: Listening on /dev/initctl Compatibility Named Pipe.
[[0;32m  OK  [0m] Listening on /dev/initctl Compatibility Named Pipe.
[    6.444697] systemd[1]: Reached target User and Group Name Lookups.
[[0;32m  OK  [0m] Reached target User and Group Name Lookups.
[    6.447441] systemd[1]: Listening on Journal Audit Socket.
[[0;32m  OK  [0m] Listening on Journal Audit Socket.
[    6.450076] systemd[1]: Started Trigger resolvconf update for networkd DNS.
[[0;32m  OK  [0m] Started Trigger resolvconf update for networkd DNS.
[    6.453517] systemd[1]: Created slice system-serial\x2dgetty.slice.
[[0;32m  OK  [0m] Created slice system-serial\x2dgetty.slice.
[    6.461681] systemd[1]: Listening on LVM2 poll daemon socket.
[[0;32m  OK  [0m] Listening on LVM2 poll daemon socket.
[    6.464920] systemd[1]: Listening on Journal Socket (/dev/log).
[[0;32m  OK  [0m] Listening on Journal Socket (/dev/log).
[    6.468097] systemd[1]: Listening on Device-mapper event daemon FIFOs.
[[0;32m  OK  [0m] Listening on Device-mapper event daemon FIFOs.
[    6.472116] systemd[1]: Created slice User and Session Slice.
[[0;32m  OK  [0m] Created slice User and Session Slice.
[    6.475444] systemd[1]: Reached target Slices.
[[0;32m  OK  [0m] Reached target Slices.
[    6.478380] systemd[1]: Listening on LVM2 metadata daemon socket.
[[0;32m  OK  [0m] Listening on LVM2 metadata daemon socket.
[    6.481596] systemd[1]: Listening on udev Control Socket.
[[0;32m  OK  [0m] Listening on udev Control Socket.
[    6.484309] systemd[1]: Reached target Swap.
[[0;32m  OK  [0m] Reached target Swap.
[    6.486963] systemd[1]: Set up automount Arbitrary Executable File Formats File System Automount Point.
[[0;32m  OK  [0m] Set up automount Arbitrary Executab...ats File System Automount Point.
[    6.491362] systemd[1]: Listening on Journal Socket.
[[0;32m  OK  [0m] Listening on Journal Socket.
[    6.523552] systemd[1]: Mounting Huge Pages File System...
         Mounting Huge Pages File System...
[    6.527375] systemd[1]: Starting Create list of required static device nodes for the current kernel...
         Starting Create list of required st... nodes for the current kernel...
[    6.540767] systemd[1]: Starting Uncomplicated firewall...
         Starting Uncomplicated firewall...
[    6.552322] systemd[1]: Mounting Debug File System...
         Mounting Debug File System...
[    6.558275] systemd[1]: Starting Load Kernel Modules...
         Starting Load Kernel Modules...
[    6.562857] systemd[1]: Starting Set console keymap...
         Starting Set console keymap...
[    6.567570] systemd[1]: Starting Nameserver information manager...
         Starting Nameserver information manager...
[    6.573109] systemd[1]: Starting Monitoring of LVM2 mirrors, snapshots etc. using dmeventd or progress polling...
[    6.573267] Loading iSCSI transport class v2.0-870.
         Starting Monitoring of LVM2 mirrors... dmeventd or progress polling...
[    6.599541] systemd[1]: Starting Journal Service...
         Starting Journal Service...
[    6.617610] systemd[1]: Mounting POSIX Message Queue File System...
         Mounting POSIX M[    6.632089] iscsi: registered transport (tcp)
essage Queue File System...
[    6.646506] random: nonblocking pool is initialized
[    6.666553] systemd[1]: Starting Remount Root and Kernel File Systems...
         Starting Remount Root and Kernel File Systems...
[    6.680303] EXT4-fs (sda1): re-mounted. Opts: (null)
[    6.683498] systemd[1]: Mounted Debug File System.
[[0;32m  OK  [0m] Mounted Debug File System.
[    6.690078] systemd[1]: Mounted Huge Pages File System.
[[0;32m  OK  [0m] Mounted Huge Pages File System.
[    6.696174] systemd[1]: Mounted POSIX Message Queue File System.
[[0;32m  OK  [0m] Mounted POSIX Message Queue File System.
[    6.701099] systemd[1]: Started Create list of required static device nodes for the current kernel.
[[0;32m  OK  [0m] Started Create list of required sta...ce nodes for the current kernel.
[    6.712922] systemd[1]: Started Uncomplicated firewall.
[[0;32m  OK  [0m] Started Uncomplicated firewall.
[    6.716636] systemd[1]: Started Set console keymap.
[[0;32m  OK  [0m] Started Set console keymap.
[    6.727663] iscsi: registered transport (iser)
[    6.748355] systemd[1]: Started Load Kernel Modules.
[[0;32m  OK  [0m] Started Load Kernel Modules.
[    6.751992] systemd[1]: Started Remount Root and Kernel File Systems.
[[0;32m  OK  [0m] Started Remount Root and Kernel File Systems.
[    6.759681] systemd[1]: Started Nameserver information manager.
[[0;32m  OK  [0m] Started Nameserver information manager.
[    6.771184] systemd[1]: Started Journal Service.
[[0;32m  OK  [0m] Started Journal Service.
[[0;32m  OK  [0m] Started LVM2 metadata daemon.
         Starting Load/Save Random Seed...
         Starting Flush Journal to Persistent Storage...
         Starting udev Coldplug all Devices...
         Mounting FUSE Control File System...
         Starting Apply Kernel Variables...
         Starting Create Static Device Nodes in /dev...
[[0;32m  OK  [0m] Mounted FUSE Control File System.
[[0;32m  OK  [0m] Started Load/Save Random Seed.
[[0;32m  OK  [0m] Started Apply Kernel Variables.
[[0;32m  OK  [0m] Started Create Static Device Nodes in /dev.
[[0;32m  OK  [0m] Started Flush Journal to Persistent Storage.
[[0;32m  OK  [0m] Started udev Coldplug all Devices.
         Starting udev Kernel Device Manager...
[[0;32m  OK  [0m] Started udev Kernel Device Manager.
[[0;32m  OK  [0m] Started Dispatch Password Requests to Console Directory Watch.
[[0;32m  OK  [0m] Started Monitoring of LVM2 mirrors,...ng dmeventd or progress polling.
[[0;32m  OK  [0m] Reached target Local File Systems (Pre).
[[0;32m  OK  [0m] Reached target Local File Systems.
         Starting Initial cloud-init job (pre-networking)...
         Starting Create Volatile Files and Directories...
         Starting Commit a transient machine-id on disk...
         Starting Set console font and keymap...
         Starting Tell Plymouth To Write Out Runtime Data...
         Starting LSB: AppArmor initialization...
[[0;32m  OK  [0m] Started Create Volatile Files and Directories.
[[0;32m  OK  [0m] Started Commit a transient machine-id on disk.
[[0;32m  OK  [0m] Started Tell Plymouth To Write Out Runtime Data.
[[0;32m  OK  [0m] Found device /dev/ttyS0.
[[0;32m  OK  [0m] Listening on Load/Save RF Kill Switch Status /dev/rfkill Watch.
         Starting Update UTMP about System Boot/Shutdown...
[[0;32m  OK  [0m] Started Update UTMP about System Boot/Shutdown.
[[0;32m  OK  [0m] Started LSB: AppArmor initialization.
[    9.192225] cloud-init[489]: Cloud-init v. 19.2-36-g059d049c-0ubuntu2~16.04.1 running 'init-local' at Thu, 16 Jan 2020 14:43:51 +0000. Up 8.42 seconds.
[[0;32m  OK  [0m] Started Initial cloud-init job (pre-networking).
[[0;32m  OK  [0m] Started Set console font and keymap.
[[0;32m  OK  [0m] Created slice system-getty.slice.
[[0;32m  OK  [0m] Reached target Network (Pre).
         Starting Raise network interfaces...
[[0;32m  OK  [0m] Started Raise network interfaces.
[[0;32m  OK  [0m] Reached target Network.
         Starting Initial cloud-init job (metadata service crawler)...
[   11.290663] cloud-init[945]: Cloud-init v. 19.2-36-g059d049c-0ubuntu2~16.04.1 running 'init' at Thu, 16 Jan 2020 14:43:53 +0000. Up 10.26 seconds.
[   11.294347] cloud-init[945]: ci-info: ++++++++++++++++++++++++++++++++++++++Net device info++++++++++++++++++++++++++++++++++++++
[   11.313211] cloud-init[945]: ci-info: +--------+------+----------------------------+---------------+--------+-------------------+
[   11.351797] cloud-init[945]: ci-info: | Device |  Up  |          Address           |      Mask     | Scope  |     Hw-Address    |
[   11.357570] cloud-init[945]: ci-info: +--------+------+----------------------------+---------------+--------+-------------------+
[   11.362062] cloud-init[945]: ci-info: | enp0s3 | True |         10.0.2.15          | 255.255.255.0 | global | 02:4f:25:6a:cc:77 |
[   11.397402] cloud-init[945]: ci-info: | enp0s3 | True | fe80::4f:25ff:fe6a:cc77/64 |       .       |  link  | 02:4f:25:6a:cc:77 |
[   11.398707] cloud-init[945]: ci-info: |   lo   | True |         127.0.0.1          |   255.0.0.0   |  host  |         .         |
[   11.399059] cloud-init[945]: ci-info: |   lo   | True |          ::1/128           |       .       |  host  |         .         |
[   11.399408] cloud-init[945]: ci-info: +--------+------+----------------------------+---------------+--------+-------------------+
[   11.399801] cloud-init[945]: ci-info: +++++++++++++++++++++++++++Route IPv4 info++++++++++++++++++++++++++++
[   11.400217] cloud-init[945]: ci-info: +-------+-------------+----------+---------------+-----------+-------+
[   11.400497] cloud-init[945]: ci-info: | Route | Destination | Gateway  |    Genmask    | Interface | Flags |
[   11.400886] cloud-init[945]: ci-info: +-------+-------------+----------+---------------+-----------+-------+
[   11.401244] cloud-init[945]: ci-info: |   0   |   0.0.0.0   | 10.0.2.2 |    0.0.0.0    |   enp0s3  |   UG  |
[   11.401626] cloud-init[945]: ci-info: |   1   |   10.0.2.0  | 0.0.0.0  | 255.255.255.0 |   enp0s3  |   U   |
[   11.401952] cloud-init[945]: ci-info: +-------+-------------+----------+---------------+-----------+-------+
[   11.402320] cloud-init[945]: ci-info: +++++++++++++++++++Route IPv6 info+++++++++++++++++++
[   11.402727] cloud-init[945]: ci-info: +-------+-------------+---------+-----------+-------+
[   11.403049] cloud-init[945]: ci-info: | Route | Destination | Gateway | Interface | Flags |
[   11.403421] cloud-init[945]: ci-info: +-------+-------------+---------+-----------+-------+
[   11.403765] cloud-init[945]: ci-info: |   0   |  fe80::/64  |    ::   |   enp0s3  |   U   |
[   11.404181] cloud-init[945]: ci-info: |   3   |   ff00::/8  |    ::   |   enp0s3  |   U   |
[   11.404465] cloud-init[945]: ci-info: +-------+-------------+---------+-----------+-------+
[   11.404860] cloud-init[945]: Generating public/private rsa key pair.
[   11.405215] cloud-init[945]: Your identification has been saved in /etc/ssh/ssh_host_rsa_key.
[   11.405603] cloud-init[945]: Your public key has been saved in /etc/ssh/ssh_host_rsa_key.pub.
[   11.405922] cloud-init[945]: The key fingerprint is:
[   11.406306] cloud-init[945]: SHA256:ATjiz/pNJJ9DTqp/52GpYNvthHXmeXK7nRAxopiuBMQ root@ubuntu-xenial
[   11.406630] cloud-init[945]: The key's randomart image is:
[   11.406922] cloud-init[945]: +---[RSA 2048]----+
[   11.407228] cloud-init[945]: |     ..          |
[[0;32m  OK  [0m] Started Initial cloud-init job (metadata service crawler).
[   11.407559] cloud-init[945]: | .. o  .         |
[   11.491843] cloud-init[945]: | .E. .  . . o    |
[   11.493667] cloud-init[945]: | ..    o o . o   |
[   11.495306] cloud-init[945]: |  .o. * S o .    |
[   11.496950] cloud-init[945]: |   .oX + = . .   |
[   11.500593] cloud-init[945]: |   .= O = + +    |
[   11.500906] cloud-init[945]: |  .+ B.*.. + + . |
[   11.501198] cloud-init[945]: |  .o=.+++   o.o  |
[   11.501526] cloud-init[945]: +----[SHA256]-----+
[   11.502305] cloud-init[945]: Generating public/private dsa key pair.
[   11.502574] cloud-init[945]: Your identification has been saved in /etc/ssh/ssh_host_dsa_key.
[   11.502873] cloud-init[945]: Your public key has been saved in /etc/ssh/ssh_host_dsa_key.pub.
[   11.503173] cloud-init[945]: The key fingerprint is:
[   11.503396] cloud-init[945]: SHA256:/9cd70HLzG0dzmrKkca5zqBAD1StexxfBefmYqbWYlA root@ubuntu-xenial
[   11.503708] cloud-init[945]: The key's randomart image is:
[   11.503966] cloud-init[945]: +---[DSA 1024]----+
[   11.504680] cloud-init[945]: |       ..    ... |
[[0;32m  OK  [0m] Reached target Network is Online.
[   11.504902] cloud-init[945]: |      .  .    o. |
[   11.559829] cloud-init[945]: |     .  .  E  .o |
[   11.560240] cloud-init[945]: |    .  . ..  .o  |
[   11.560417] cloud-init[945]: |     o  S.o .+ + |
[   11.560645] cloud-init[945]: |    . o. +o.B O.=|
[   11.560815] cloud-init[945]: |     . ....@ . XB|
[   11.560985] cloud-init[945]: |      . . B.+.o.=|
[   11.561156] cloud-init[945]: |       .  .*+o ..|
[   11.561404] cloud-init[945]: +----[SHA256]-----+
[   11.561573] cloud-init[945]: Generating public/private ecdsa key pair.
[   11.561750] cloud-init[945]: Your identification has been saved in /etc/ssh/ssh_host_ecdsa_key.
[   11.561926] cloud-init[945]: Your public key has been saved in /etc/ssh/ssh_host_ecdsa_key.pub.
[   11.562104] cloud-init[945]: The key fingerprint is:
[   11.562497] cloud-init[945]: SHA256:WiCfAyN3WQKyoMx+jy6zxHatPfTlOWZWmj5FhU4ONbU root@ubuntu-xenial
[   11.562673] cloud-init[945]: The key's randomart image is:
[   11.562872] cloud-init[945]: +---[ECDSA 256]---+
[   11.563031] cloud-init[945]: |. . ... . .oo.   |
[   11.563235] cloud-init[945]: |+. o   + . o...  |
[   11.563424] cloud-init[945]: |.oo = +   = .E   |
[   11.563600] cloud-init[945]: |.  o * o   +     |
[   11.563778] cloud-init[945]: | . .  + S .      |
[   11.563953] cloud-init[945]: |. . +. + . o     |
         Starting iSCSI initiator daemon (iscsid)...
[   11.564226] cloud-init[945]: | + o.oo o *      |
[   11.634108] cloud-init[945]: |ooo o. . @       |
[   11.634504] cloud-init[945]: | .+o .. =.o      |
[   11.634893] cloud-init[945]: +----[SHA256]-----+
[   11.635227] cloud-init[945]: Generating public/private ed25519 key pair.
[   11.635596] cloud-init[945]: Your identification has been saved in /etc/ssh/ssh_host_ed25519_key.
[   11.635909] cloud-init[945]: Your public key has been saved in /etc/ssh/ssh_host_ed25519_key.pub.
[   11.636616] cloud-init[945]: The key fingerprint is:
[   11.636973] cloud-init[945]: SHA256:VlzX8YSx7o70Z3WSGRICuSSP6KnIrN9+ESJlcewMeGQ root@ubuntu-xenial
[   11.637330] cloud-init[945]: The key's randomart image is:
[   11.637717] cloud-init[945]: +--[ED25519 256]--+
[   11.638052] cloud-init[945]: |   oEo. .o  . o=o|
[   11.638440] cloud-init[945]: |  ..=.o o......oo|
[   11.638801] cloud-init[945]: |   + = = .o. .. .|
[   11.639173] cloud-init[945]: |  . o = o.  ...  |
[   11.639547] cloud-init[945]: |   o o .S    ..+ |
[   11.639893] cloud-init[945]: |    o ..     .+ o|
[   11.640586] cloud-init[945]: |o. .   .    . ..o|
[   11.640915] cloud-init[945]: |.o..  .    . +  o|
[   11.641529] cloud-init[945]: |o...o.      . oo |
[   11.641877] cloud-init[945]: +----[SHA256]-----+
[[0;32m  OK  [0m] Reached target System Initialization.
[[0;32m  OK  [0m] Listening on ACPID Listen Socket.
         Starting LXD - unix socket.
[[0;32m  OK  [0m] Started Message of the Day.
[[0;32m  OK  [0m] Started Daily Cleanup of Temporary Directories.
[[0;32m  OK  [0m] Started Daily apt download activities.
[[0;32m  OK  [0m] Started Daily apt upgrade and clean activities.
[[0;32m  OK  [0m] Started ACPI Events Check.
[[0;32m  OK  [0m] Reached target Paths.
         Starting Socket activation for snappy daemon.
[[0;32m  OK  [0m] Reached target Timers.
[[0;32m  OK  [0m] Listening on D-Bus System Message Bus Socket.
[[0;32m  OK  [0m] Listening on UUID daemon activation socket.
[[0;32m  OK  [0m] Reached target Cloud-config availability.
[[0;32m  OK  [0m] Listening on LXD - unix socket.
[[0;32m  OK  [0m] Listening on Socket activation for snappy daemon.
[[0;32m  OK  [0m] Started iSCSI initiator daemon (iscsid).
         Starting Login to default iSCSI targets...
[[0;32m  OK  [0m] Reached target Sockets.
[[0;32m  OK  [0m] Reached target Basic System.
         Starting LSB: Record successful boot for GRUB...
         Starting /etc/rc.local Compatibility...
         Starting System Logging Service...
         Starting Pollinate to seed the pseudo random number generator...
[[0;32m  OK  [0m] Started ACPI event daemon.
[[0;32m  OK  [0m] Started Deferred execution scheduler.
[[0;32m  OK  [0m] Started Regular background program processing daemon.
         Starting Snappy daemon...
         Starting Accounts Service...
         Starting Virtualbox guest utils...
         Starting LXD - container startup/shutdown...
         Starting LSB: MD monitoring daemon...
[[0;32m  OK  [0m] Started FUSE filesystem for LXC.
[[0;32m  OK  [0m] Started D-Bus System Message Bus.
         Starting Login Service...
[[0;32m  OK  [0m] Started System Logging Service.
[[0;32m  OK  [0m] Started /etc/rc.local Compatibility.
[[0;32m  OK  [0m] Started Login to default iSCSI targets.
[[0;32m  OK  [0m] Started LSB: Record successful boot for GRUB.
[[0;32m  OK  [0m] Started LXD - container startup/shutdown.
[[0;32m  OK  [0m] Started LSB: MD monitoring daemon.
[[0;32m  OK  [0m] Started Login Service.
[[0;32m  OK  [0m] Started Unattended Upgrades Shutdown.
         Starting Authenticate and Authorize Users to Run Privileged Tasks...
[[0;32m  OK  [0m] Reached target Remote File Systems (Pre).
[[0;32m  OK  [0m] Reached target Remote File Systems.
         Starting LSB: automatic crash report generation...
         Starting LSB: daemon to balance interrupts for SMP systems...
         Starting LSB: Set the CPU Frequency Scaling governor to "ondemand"...
         Starting Permit User Sessions...
[[0;32m  OK  [0m] Started Snappy daemon.
[[0;32m  OK  [0m] Started Permit User Sessions.
[[0;32m  OK  [0m] Started Pollinate to seed the pseudo random number generator.
         Starting OpenBSD Secure Shell server...
         Starting Hold until boot process finishes up...
         Starting Terminate Plymouth Boot Screen...
         Starting Wait until snapd is fully seeded...
[[0;32m  OK  [0m] Started Hold until boot process finishes up.
[[0;32m  OK  [0m] Started Terminate Plymouth Boot Screen.
[[0;32m  OK  [0m] Started Authenticate and Authorize Users to Run Privileged Tasks.
[[0;32m  OK  [0m] Started Accounts Service.
[[0;32m  OK  [0m] Started LSB: Set the CPU Frequency Scaling governor to "ondemand".
[[0;32m  OK  [0m] Started LSB: automatic crash report generation.
[[0;32m  OK  [0m] Started LSB: daemon to balance interrupts for SMP systems.
[[0;32m  OK  [0m] Started OpenBSD Secure Shell server.
[[0;32m  OK  [0m] Started Virtualbox guest utils.
[[0;32m  OK  [0m] Started Getty on tty1.
         Starting Set console scheme...
[[0;32m  OK  [0m] Started Serial Getty on ttyS0.
[[0;32m  OK  [0m] Reached target Login Prompts.
[[0;32m  OK  [0m] Started Set console scheme.
[[0;32m  OK  [0m] Started Wait until snapd is fully seeded.
[[0;32m  OK  [0m] Reached target Multi-User System.
[[0;32m  OK  [0m] Reached target Graphical Interface.
         Starting Update UTMP about System Runlevel Changes...
         Starting Apply the settings specified in cloud-config...
[[0;32m  OK  [0m] Started Update UTMP about System Runlevel Changes.
[   14.331653] cloud-init[1308]: Generating locales (this might take a while)...
[[0;32m  OK  [0m] Created slice User Slice of vagrant.
         Starting User Manager for UID 1000...
[[0;32m  OK  [0m] Started Session 1 of user vagrant.
[[0;32m  OK  [0m] Started User Manager for UID 1000.
[   16.127605] cloud-init[1308]:   en_US.UTF-8... done
[   16.131303] cloud-init[1308]: Generation complete.
[   16.637861] cloud-init[1308]: Cloud-init v. 19.2-36-g059d049c-0ubuntu2~16.04.1 running 'modules:config' at Thu, 16 Jan 2020 14:43:57 +0000. Up 14.19 seconds.
[[0;32m  OK  [0m] Started Apply the settings specified in cloud-config.
         Starting Execute cloud user/final scripts...
ci-info: no authorized ssh keys fingerprints found for user ubuntu.
<14>Jan 16 14:44:00 ec2: 
<14>Jan 16 14:44:00 ec2: #############################################################
<14>Jan 16 14:44:00 ec2: -----BEGIN SSH HOST KEY FINGERPRINTS-----
<14>Jan 16 14:44:00 ec2: 1024 SHA256:/9cd70HLzG0dzmrKkca5zqBAD1StexxfBefmYqbWYlA root@ubuntu-xenial (DSA)
<14>Jan 16 14:44:00 ec2: 256 SHA256:WiCfAyN3WQKyoMx+jy6zxHatPfTlOWZWmj5FhU4ONbU root@ubuntu-xenial (ECDSA)
<14>Jan 16 14:44:00 ec2: 256 SHA256:VlzX8YSx7o70Z3WSGRICuSSP6KnIrN9+ESJlcewMeGQ root@ubuntu-xenial (ED25519)
<14>Jan 16 14:44:00 ec2: 2048 SHA256:ATjiz/pNJJ9DTqp/52GpYNvthHXmeXK7nRAxopiuBMQ root@ubuntu-xenial (RSA)
<14>Jan 16 14:44:00 ec2: -----END SSH HOST KEY FINGERPRINTS-----
<14>Jan 16 14:44:00 ec2: #############################################################
-----BEGIN SSH HOST KEY KEYS-----
ecdsa-sha2-nistp256 AAAAE2VjZHNhLXNoYTItbmlzdHAyNTYAAAAIbmlzdHAyNTYAAABBBDX0WwZC+D5FgvmmMihA41xK3rvADLTC5zxI1bvOCkFN1h5DmrEmn/eeF4wvx08Scnu0I0E9BEjJHMYD/9uq3Ro= root@ubuntu-xenial
ssh-ed25519 AAAAC3NzaC1lZDI1NTE5AAAAIPFQZyt/1vaBH/ab+wm9oShsgPOSWMI+60X4SChyMEiJ root@ubuntu-xenial
ssh-rsa AAAAB3NzaC1yc2EAAAADAQABAAABAQDB6UC+vLtRgvUTBv7G3YQczCCRl1yikwyRFPpuSCb9aKGMwlgi9/uv5tiIMMl+Nk1zf7Il68ckfG9VBNbUyW8xltr2Tgb9namN92+NxU9BdiaAWXdSjeX2SpBXoqljtCh5XJSyE657FymyE2Tx0CclNNHVnV8jlXepBizEpWAK1vEkbpom5eb+194EIXdLvQk0xyyx6mvBzMmq+P0fBV7CfKEm0z946QxoO4Zn0vJMB5SkvI7nOh/p60jg09cAvS+xcPk7pQOltpptsw0K/1ukN+2ynWPu7tzLVbFdUC3MoO39gAMxMZmfrxzwZVlidJyxu9nM/VdCu+Fr/+i/l47z root@ubuntu-xenial
-----END SSH HOST KEY KEYS-----
[   17.748137] cloud-init[1440]: Cloud-init v. 19.2-36-g059d049c-0ubuntu2~16.04.1 running 'modules:final' at Thu, 16 Jan 2020 14:44:00 +0000. Up 17.45 seconds.
[   17.748747] cloud-init[1440]: ci-info: no authorized ssh keys fingerprints found for user ubuntu.
[   17.749047] cloud-init[1440]: Cloud-init v. 19.2-36-g059d049c-0ubuntu2~16.04.1 finished at Thu, 16 Jan 2020 14:44:00 +0000. Datasource DataSourceNoCloud [seed=/dev/sdb][dsmode=net].  Up 17.73 seconds

Ubuntu 16.04.6 LTS ubuntu-xenial ttyS0

ubuntu-xenial login: 